TN:
SF:functions.js
FN:4,criarContato
FN:26,removerContato
FN:27,(anonymous_2)
FN:33,(anonymous_3)
FN:37,listarContato
FNF:5
FNH:5
FNDA:6,criarContato
FNDA:3,removerContato
FNDA:4,(anonymous_2)
FNDA:2,(anonymous_3)
FNDA:4,listarContato
DA:1,1
DA:2,1
DA:5,6
DA:6,1
DA:9,5
DA:10,1
DA:12,4
DA:13,1
DA:15,3
DA:22,3
DA:24,3
DA:27,4
DA:29,3
DA:30,2
DA:33,2
DA:35,1
DA:38,4
DA:39,1
DA:42,3
DA:44,1
LF:20
LH:20
BRDA:5,0,0,1
BRDA:5,0,1,5
BRDA:9,1,0,1
BRDA:9,1,1,4
BRDA:12,2,0,1
BRDA:12,2,1,3
BRDA:29,3,0,2
BRDA:29,3,1,1
BRDA:38,4,0,1
BRDA:38,4,1,3
BRF:10
BRH:10
end_of_record
